<?xml version="1.0" encoding="UTF-8"?>
<testng-results ignored="0" total="1" passed="1" failed="0" skipped="0">
  <reporter-output>
    <line>
      <![CDATA[database connected successfully]]>
    </line>
    <line>
      <![CDATA[browser launch]]>
    </line>
    <line>
      <![CDATA[login successfully]]>
    </line>
    <line>
      <![CDATA[logout successfully]]>
    </line>
    <line>
      <![CDATA[browser close]]>
    </line>
    <line>
      <![CDATA[database disconnected successfully]]>
    </line>
  </reporter-output>
  <suite started-at="2023-05-11T10:15:47 IST" name="Default suite" finished-at="2023-05-11T10:16:27 IST" duration-ms="40829">
    <groups>
    </groups>
    <test started-at="2023-05-11T10:15:47 IST" name="Default test" finished-at="2023-05-11T10:16:27 IST" duration-ms="40829">
      <class name="com.Actitime.TestScript.Tasks">
        <test-method is-config="true" signature="databaseconnection()[pri:0, instance:com.Actitime.TestScript.Tasks@61df66b6]" started-at="2023-05-11T10:15:47 IST" name="databaseconnection" finished-at="2023-05-11T10:15:47 IST" duration-ms="4" status="PASS">
          <reporter-output>
            <line>
              <![CDATA[database connected successfully]]>
            </line>
          </reporter-output>
        </test-method> <!-- databaseconnection -->
        <test-method is-config="true" signature="launch()[pri:0, instance:com.Actitime.TestScript.Tasks@61df66b6]" started-at="2023-05-11T10:15:47 IST" name="launch" finished-at="2023-05-11T10:16:04 IST" duration-ms="17907" status="PASS">
          <reporter-output>
            <line>
              <![CDATA[browser launch]]>
            </line>
          </reporter-output>
        </test-method> <!-- launch -->
        <test-method is-config="true" signature="login()[pri:0, instance:com.Actitime.TestScript.Tasks@61df66b6]" started-at="2023-05-11T10:16:04 IST" name="login" finished-at="2023-05-11T10:16:05 IST" duration-ms="335" status="PASS">
          <reporter-output>
            <line>
              <![CDATA[login successfully]]>
            </line>
          </reporter-output>
        </test-method> <!-- login -->
        <test-method signature="createcustomer()[pri:0, instance:com.Actitime.TestScript.Tasks@61df66b6]" started-at="2023-05-11T10:16:05 IST" name="createcustomer" finished-at="2023-05-11T10:16:21 IST" duration-ms="16280" status="PASS">
          <reporter-output>
          </reporter-output>
        </test-method> <!-- createcustomer -->
        <test-method is-config="true" signature="logout()[pri:0, instance:com.Actitime.TestScript.Tasks@61df66b6]" started-at="2023-05-11T10:16:21 IST" name="logout" finished-at="2023-05-11T10:16:27 IST" duration-ms="6054" status="PASS">
          <reporter-output>
            <line>
              <![CDATA[logout successfully]]>
            </line>
          </reporter-output>
        </test-method> <!-- logout -->
        <test-method is-config="true" signature="close()[pri:0, instance:com.Actitime.TestScript.Tasks@61df66b6]" started-at="2023-05-11T10:16:27 IST" name="close" finished-at="2023-05-11T10:16:27 IST" duration-ms="225" status="PASS">
          <reporter-output>
            <line>
              <![CDATA[browser close]]>
            </line>
          </reporter-output>
        </test-method> <!-- close -->
        <test-method is-config="true" signature="databasedisconnection()[pri:0, instance:com.Actitime.TestScript.Tasks@61df66b6]" started-at="2023-05-11T10:16:27 IST" name="databasedisconnection" finished-at="2023-05-11T10:16:27 IST" duration-ms="3" status="PASS">
          <reporter-output>
            <line>
              <![CDATA[database disconnected successfully]]>
            </line>
          </reporter-output>
        </test-method> <!-- databasedisconnection -->
      </class> <!-- com.Actitime.TestScript.Tasks -->
    </test> <!-- Default test -->
  </suite> <!-- Default suite -->
</testng-results>
